[debug] [2022-03-18T11:22:06.197Z] ----------------------------------------------------------------------
[debug] [2022-03-18T11:22:06.199Z] Command:       C:\Program Files\nodejs\node.exe C:\Program Files\nodejs\node_modules\firebase-tools\lib\bin\firebase.js init
[debug] [2022-03-18T11:22:06.199Z] CLI Version:   9.22.0
[debug] [2022-03-18T11:22:06.199Z] Platform:      win32
[debug] [2022-03-18T11:22:06.199Z] Node Version:  v15.6.0
[debug] [2022-03-18T11:22:06.200Z] Time:          Fri Mar 18 2022 16:52:06 GMT+0530 (India Standard Time)
[debug] [2022-03-18T11:22:06.200Z] ----------------------------------------------------------------------
[debug] 
[debug] [2022-03-18T11:22:06.250Z] > command requires scopes: ["email","openid","https://www.googleapis.com/auth/cloudplatformprojects.readonly","https://www.googleapis.com/auth/firebase","https://www.googleapis.com/auth/cloud-platform"]
[debug] [2022-03-18T11:22:06.250Z] > authorizing via signed-in user (moviesuggesto@gmail.com)
[info] 
     ######## #### ########  ######## ########     ###     ######  ########
     ##        ##  ##     ## ##       ##     ##  ##   ##  ##       ##
     ######    ##  ########  ######   ########  #########  ######  ######
     ##        ##  ##    ##  ##       ##     ## ##     ##       ## ##
     ##       #### ##     ## ######## ########  ##     ##  ######  ########

You're about to initialize a Firebase project in this directory:

  C:\Users\Murari.Mahith\Desktop\Suggesto\suggesto

Before we get started, keep in mind:

  * You are initializing within an existing Firebase project directory

[info] 
=== Project Setup
[info] 
[info] First, let's associate this project directory with a Firebase project.
[info] You can create multiple project aliases by running firebase use --add, 
[info] but for now we'll just set up a default project.
[info] 
[info] i  .firebaserc already has a default project, using weekendmoviesuggestion. 
[debug] [2022-03-18T11:22:21.709Z] > refreshing access token with scopes: []
[debug] [2022-03-18T11:22:21.710Z] >>> HTTP REQUEST POST https://www.googleapis.com/oauth2/v3/token  
 <request body omitted>
[debug] [2022-03-18T11:22:23.127Z] <<< HTTP RESPONSE 200 {"expires":"Mon, 01 Jan 1990 00:00:00 GMT","cache-control":"no-cache, no-store, max-age=0, must-revalidate","pragma":"no-cache","date":"Fri, 18 Mar 2022 11:22:22 GMT","content-type":"application/json; charset=utf-8","vary":"X-Origin, Referer, Origin,Accept-Encoding","server":"scaffolding on HTTPServer2","x-xss-protection":"0","x-frame-options":"SAMEORIGIN","x-content-type-options":"nosniff","alt-svc":"h3=\":443\"; ma=2592000,h3-29=\":443\"; ma=2592000,h3-Q050=\":443\"; ma=2592000,h3-Q046=\":443\"; ma=2592000,h3-Q043=\":443\"; ma=2592000,quic=\":443\"; ma=2592000; v=\"46,43\"","accept-ranges":"none","transfer-encoding":"chunked"}
[debug] [2022-03-18T11:22:23.153Z] >>> [apiv2][query] GET https://firebase.googleapis.com/v1beta1/projects/weekendmoviesuggestion [none]
[debug] [2022-03-18T11:22:24.624Z] <<< [apiv2][status] GET https://firebase.googleapis.com/v1beta1/projects/weekendmoviesuggestion 200
[debug] [2022-03-18T11:22:24.624Z] <<< [apiv2][body] GET https://firebase.googleapis.com/v1beta1/projects/weekendmoviesuggestion {"projectId":"weekendmoviesuggestion","projectNumber":"33403072057","displayName":"WeekendMovieSuggestion","name":"projects/weekendmoviesuggestion","resources":{"hostingSite":"weekendmoviesuggestion","realtimeDatabaseInstance":"weekendmoviesuggestion-default-rtdb","storageBucket":"weekendmoviesuggestion.appspot.com","locationId":"europe-west"},"state":"ACTIVE"}
[info] 
=== Hosting Setup
[info] 
[info] Your public directory is the folder (relative to your project directory) that
[info] will contain Hosting assets to be uploaded with firebase deploy. If you
[info] have a build process for your assets, use your build's output directory.
[info] 
[debug] [2022-03-18T11:23:05.464Z] ----------------------------------------------------------------------
[debug] [2022-03-18T11:23:05.466Z] Command:       C:\Program Files\nodejs\node.exe C:\Program Files\nodejs\node_modules\firebase-tools\lib\bin\firebase.js use --add
[debug] [2022-03-18T11:23:05.466Z] CLI Version:   9.22.0
[debug] [2022-03-18T11:23:05.466Z] Platform:      win32
[debug] [2022-03-18T11:23:05.466Z] Node Version:  v15.6.0
[debug] [2022-03-18T11:23:05.467Z] Time:          Fri Mar 18 2022 16:53:05 GMT+0530 (India Standard Time)
[debug] [2022-03-18T11:23:05.467Z] ----------------------------------------------------------------------
[debug] 
[debug] [2022-03-18T11:23:05.519Z] > command requires scopes: ["email","openid","https://www.googleapis.com/auth/cloudplatformprojects.readonly","https://www.googleapis.com/auth/firebase","https://www.googleapis.com/auth/cloud-platform"]
[debug] [2022-03-18T11:23:05.519Z] > authorizing via signed-in user (moviesuggesto@gmail.com)
[debug] [2022-03-18T11:23:05.522Z] >>> [apiv2][query] GET https://firebase.googleapis.com/v1beta1/projects pageSize=1000
[debug] [2022-03-18T11:23:06.760Z] <<< [apiv2][status] GET https://firebase.googleapis.com/v1beta1/projects 200
[debug] [2022-03-18T11:23:06.761Z] <<< [apiv2][body] GET https://firebase.googleapis.com/v1beta1/projects [omitted]
